# JRE version: Java(TM) SE Runtime Environment 18.9 (11.0.17+10) (build 11.0.17+10-LTS-269)
# Java VM: Java HotSpot(TM) 64-Bit Server VM 18.9 (11.0.17+10-LTS-269, mixed mode, tiered, compressed oops, g1 gc, windows-amd64)
Heap:
 garbage-first heap   total 236544K, used 27648K [0x0000000741800000, 0x0000000800000000)
  region size 1024K, 7 young (7168K), 7 survivors (7168K)
 Metaspace       used 49635K, capacity 50223K, committed 50332K, reserved 1093632K
  class space    used 5899K, capacity 6170K, committed 6220K, reserved 1048576K
GC Heap History (9 events):
Event: 0.701 GC heap before
{Heap before GC invocations=0 (full 0):
 garbage-first heap   total 196608K, used 17408K [0x0000000741800000, 0x0000000800000000)
  region size 1024K, 14 young (14336K), 0 survivors (0K)
 Metaspace       used 9675K, capacity 9808K, committed 9856K, reserved 1058816K
  class space    used 831K, capacity 885K, committed 896K, reserved 1048576K
}
Event: 0.705 GC heap after
{Heap after GC invocations=1 (full 0):
 garbage-first heap   total 196608K, used 5313K [0x0000000741800000, 0x0000000800000000)
  region size 1024K, 2 young (2048K), 2 survivors (2048K)
 Metaspace       used 9675K, capacity 9808K, committed 9856K, reserved 1058816K
  class space    used 831K, capacity 885K, committed 896K, reserved 1048576K
}
Event: 1.990 GC heap before
{Heap before GC invocations=1 (full 0):
 garbage-first heap   total 196608K, used 52417K [0x0000000741800000, 0x0000000800000000)
  region size 1024K, 49 young (50176K), 2 survivors (2048K)
 Metaspace       used 20903K, capacity 21084K, committed 21296K, reserved 1069056K
  class space    used 2244K, capacity 2312K, committed 2432K, reserved 1048576K
}
Event: 2.002 GC heap after
{Heap after GC invocations=2 (full 0):
 garbage-first heap   total 196608K, used 9149K [0x0000000741800000, 0x0000000800000000)
  region size 1024K, 6 young (6144K), 6 survivors (6144K)
 Metaspace       used 20903K, capacity 21084K, committed 21296K, reserved 1069056K
  class space    used 2244K, capacity 2312K, committed 2432K, reserved 1048576K
}
Event: 3.839 GC heap before
{Heap before GC invocations=3 (full 0):
 garbage-first heap   total 196608K, used 63421K [0x0000000741800000, 0x0000000800000000)
  region size 1024K, 54 young (55296K), 6 survivors (6144K)
 Metaspace       used 32405K, capacity 32752K, committed 32944K, reserved 1077248K
  class space    used 4098K, capacity 4278K, committed 4352K, reserved 1048576K
}
Event: 3.857 GC heap after
{Heap after GC invocations=4 (full 0):
 garbage-first heap   total 196608K, used 20977K [0x0000000741800000, 0x0000000800000000)
  region size 1024K, 7 young (7168K), 7 survivors (7168K)
 Metaspace       used 32405K, capacity 32752K, committed 32944K, reserved 1077248K
  class space    used 4098K, capacity 4278K, committed 4352K, reserved 1048576K
}
Event: 4.394 GC heap before
{Heap before GC invocations=4 (full 0):
 garbage-first heap   total 196608K, used 36337K [0x0000000741800000, 0x0000000800000000)
  region size 1024K, 23 young (23552K), 7 survivors (7168K)
 Metaspace       used 35518K, capacity 35852K, committed 35920K, reserved 1081344K
  class space    used 4430K, capacity 4607K, committed 4608K, reserved 1048576K
}
Event: 4.405 GC heap after
{Heap after GC invocations=5 (full 0):
 garbage-first heap   total 196608K, used 20751K [0x0000000741800000, 0x0000000800000000)
  region size 1024K, 3 young (3072K), 3 survivors (3072K)
 Metaspace       used 35518K, capacity 35852K, committed 35920K, reserved 1081344K
  class space    used 4430K, capacity 4607K, committed 4608K, reserved 1048576K
}
Event: 6.975 GC heap before
{Heap before GC invocations=6 (full 0):
 garbage-first heap   total 196608K, used 83215K [0x0000000741800000, 0x0000000800000000)
  region size 1024K, 62 young (63488K), 3 survivors (3072K)
 Metaspace       used 49635K, capacity 50223K, committed 50332K, reserved 1093632K
  class space    used 5899K, capacity 6170K, committed 6220K, reserved 1048576K
}

